#! /usr/local/bin/vvp
:ivl_version "13.0 (devel)" "(s20221226-251-g09f3ebfc8)";
:ivl_delay_selection "TYPICAL";
:vpi_time_precision + 0;
:vpi_module "/usr/local/lib/ivl/system.vpi";
:vpi_module "/usr/local/lib/ivl/vhdl_sys.vpi";
:vpi_module "/usr/local/lib/ivl/vhdl_textio.vpi";
:vpi_module "/usr/local/lib/ivl/v2005_math.vpi";
:vpi_module "/usr/local/lib/ivl/va_math.vpi";
S_0x5ed301de5510 .scope module, "parity_function" "parity_function" 2 1;
 .timescale 0 0;
    .port_info 0 /OUTPUT 5 "Z";
v0x5ed301e08b40_0 .var "Z", 4 0;
v0x5ed301e08c40_0 .var "in_parity", 3 0;
S_0x5ed301de56e0 .scope function.vec4.s5, "parity" "parity" 2 7, 2 7 0, S_0x5ed301de5510;
 .timescale 0 0;
v0x5ed301dc0270_0 .var "A", 3 0;
; Variable parity is vec4 return value of scope S_0x5ed301de56e0
v0x5ed301e08aa0_0 .var "temp_parity", 0 0;
TD_parity_function.parity ;
    %load/vec4 v0x5ed301dc0270_0;
    %parti/s 1, 0, 2;
    %load/vec4 v0x5ed301dc0270_0;
    %parti/s 1, 1, 2;
    %xor;
    %load/vec4 v0x5ed301dc0270_0;
    %parti/s 1, 2, 3;
    %xor;
    %load/vec4 v0x5ed301dc0270_0;
    %parti/s 1, 3, 3;
    %xor;
    %store/vec4 v0x5ed301e08aa0_0, 0, 1;
    %load/vec4 v0x5ed301dc0270_0;
    %load/vec4 v0x5ed301e08aa0_0;
    %concat/vec4; draw_concat_vec4
    %ret/vec4 0, 0, 5;  Assign to parity (store_vec4_to_lval)
    %end;
    .scope S_0x5ed301de5510;
T_1 ;
    %pushi/vec4 5, 0, 4;
    %store/vec4 v0x5ed301e08c40_0, 0, 4;
    %load/vec4 v0x5ed301e08c40_0;
    %store/vec4 v0x5ed301dc0270_0, 0, 4;
    %callf/vec4 TD_parity_function.parity, S_0x5ed301de56e0;
    %store/vec4 v0x5ed301e08b40_0, 0, 5;
    %vpi_call 2 22 "$display", "INPUT = %4b, OUTPUT = %5b", v0x5ed301e08c40_0, v0x5ed301e08b40_0 {0 0 0};
    %end;
    .thread T_1;
# The file index is used to find the file name in the following table.
:file_names 3;
    "N/A";
    "<interactive>";
    "parity_func.v";
